
 ==============================
 S N O P T  7.2-12.3 (Aug 2014)
 ==============================
 
 SNMEMA EXIT 100 -- finished successfully
 SNMEMA INFO 104 -- memory requirements estimated
 
 

 Nonlinear constraints     741     Linear constraints       1
 Nonlinear variables        76     Linear variables         0
 Jacobian  variables        76     Objective variables     76
 Total constraints         742     Total variables         76
 

 
 The user has defined   56392   out of   56392   first  derivatives
 

        Minor   QPmult   nInf   SumInf   rgNorm    QPobjective
          100  3.6E+03                          -6.2845443E+11

 Major Minors     Step   nCon Feasible  Optimal  MeritFunction    nS Penalty
     0    116               1 (1.7E-13) 1.3E+00 -4.8132764E+11                 r
     1      0  2.3E-04      2  1.6E-05  1.2E+00 -4.8136291E+11               n rl
     2      0  2.3E-04      3  3.2E-05  1.2E+00 -4.8140469E+11               n rl

        Minor   QPmult   nInf   SumInf   rgNorm    QPobjective    nS
          100                           1.4E-07 -4.0651638E+11    32

 Major Minors     Step   nCon Feasible  Optimal  MeritFunction    nS Penalty
     3    164  1.0E-01      5  3.0E+00  4.4E+03 -4.8531808E+11    65         s  d
     4      3  1.0E+00      6  1.9E-01  4.0E+01 -4.9456095E+11    63
     5      2  3.2E-01      8  2.9E-01  6.7E+03 -5.0011950E+11    64
     6      5  2.7E-01     10  3.0E-01  2.3E+03 -5.0530121E+11    66
     7      3  2.0E-01     12  2.7E-01  2.7E+03 -5.0745357E+11    66
     8      1  2.2E-01     14  2.4E-01  8.7E+02 -5.0849993E+11    66
     9      1  2.4E-01     16  2.0E-01  1.1E+03 -5.0895502E+11    66

 Major Minors     Step   nCon Feasible  Optimal  MeritFunction    nS Penalty
    10      2  2.2E-01     18  1.6E-01  7.0E+02 -5.0920133E+11    67
    11      4  3.2E-01     20  1.2E-01  7.4E+02 -5.0955048E+11    64
