
 ==============================
 S N O P T  7.2-12.3 (Aug 2014)
 ==============================
 snopt_print1.out
 XXX  Keyword not recognized:         SNOPT_PRINT1.OUT
 snopt_summary1.out
 XXX  Keyword not recognized:         SNOPT_SUMMARY1.O
 
 SNMEMA EXIT 100 -- finished successfully
 SNMEMA INFO 104 -- memory requirements estimated
 
 

 Nonlinear constraints     741     Linear constraints       1
 Nonlinear variables        76     Linear variables         0
 Jacobian  variables        76     Objective variables     76
 Total constraints         742     Total variables         76
 

 
 The user has defined   56392   out of   56392   first  derivatives
 

        Minor   QPmult   nInf   SumInf   rgNorm    QPobjective
          100  3.6E+03                          -6.2845443E+11

 Major Minors     Step   nCon Feasible  Optimal  MeritFunction    nS Penalty
     0    116               1 (1.7E-13) 1.3E+00 -4.8132764E+11                 r
     1      0  2.3E-04      2  1.6E-05  1.2E+00 -4.8136291E+11               n rl
     2      0  2.3E-04      3  3.2E-05  1.2E+00 -4.8140469E+11               n rl

        Minor   QPmult   nInf   SumInf   rgNorm    QPobjective    nS
          100                           1.4E-07 -4.0651638E+11    32

 Major Minors     Step   nCon Feasible  Optimal  MeritFunction    nS Penalty
     3    164  1.0E-01      5  3.0E+00  4.4E+03 -4.8531808E+11    65         s  d
     4      3  1.0E+00      6  1.9E-01  4.0E+01 -4.9456095E+11    63
     5      2  3.2E-01      8  2.9E-01  6.7E+03 -5.0011950E+11    64
     6      5  2.7E-01     10  3.0E-01  2.3E+03 -5.0530121E+11    66
     7      3  2.0E-01     12  2.7E-01  2.7E+03 -5.0745357E+11    66
     8      1  2.2E-01     14  2.4E-01  8.7E+02 -5.0849993E+11    66
     9      1  2.4E-01     16  2.0E-01  1.1E+03 -5.0895502E+11    66

 Major Minors     Step   nCon Feasible  Optimal  MeritFunction    nS Penalty
    10      2  2.2E-01     18  1.6E-01  7.0E+02 -5.0920133E+11    67
    11      4  3.2E-01     20  1.2E-01  7.4E+02 -5.0955048E+11    64
    12      2  2.6E-02     29  1.2E-01  5.5E+02 -5.0957524E+11    65
    13      2  1.3E-02     39  1.2E-01  6.4E+02 -5.0958617E+11    66           R
    14      3  6.3E-05     49  1.2E-01  5.9E+02 -5.0958620E+11    66         s
    15      1  1.0E+00     50  1.1E-02  2.8E+02 -5.0965250E+11    66
    16      3  1.0E+00     51  2.7E-03  4.0E+02 -5.0971246E+11    66
    17      1  1.0E+00     52  4.3E-02  4.2E+02 -5.0974234E+11    66
    18      1  1.0E+00     53  8.8E-02  4.7E+02 -5.0992874E+11    66
    19      1  1.0E+00     54  3.9E-02  5.3E+02 -5.1006311E+11    66

 Major Minors     Step   nCon Feasible  Optimal  MeritFunction    nS Penalty
    20      2  1.0E+00     55  1.5E-02  4.8E+02 -5.1021246E+11    67
    21      1  1.0E+00     56  7.6E-03  3.3E+02 -5.1028870E+11    67
    22      1  1.0E+00     57  8.3E-03  2.3E+02 -5.1033378E+11    67
    23      1  1.0E+00     58  8.0E-03  3.0E+02 -5.1039162E+11    67
    24      1  1.0E+00     59  1.4E-02  4.8E+02 -5.1045921E+11    67           R
    25      2  5.6E-02     69  1.3E-02  5.0E+02 -5.1046189E+11    66         s
    26      1  2.0E-01     71  1.1E-02  3.6E+02 -5.1047257E+11    66
    27      1  1.6E-01     73  1.0E-02  4.1E+02 -5.1051018E+11    66
    28      1  5.0E-01     75  2.6E-02  6.5E+02 -5.1057635E+11    66
    29      2  1.0E+00     76  5.7E-02  2.9E+00 -5.1075414E+11    65

 Major Minors     Step   nCon Feasible  Optimal  MeritFunction    nS Penalty
    30      3  2.8E-02     85  5.6E-02  1.8E+03 -5.1077678E+11    67
    31      2  8.4E-02     87  4.6E-02  5.6E+00 -5.1080072E+11    66
    32      2  7.6E-02     89  4.4E-02  2.5E+03 -5.1086225E+11    67
    33      1  3.5E-01     91  2.8E-02  2.3E+03 -5.1094640E+11    67
    34      1  4.7E-01     93  1.7E-02  2.1E+03 -5.1103529E+11    67
    35      1  1.0E+00     94  1.7E-02  2.4E+03 -5.1131334E+11    67           R
    36      1  4.5E-01     96  2.1E-02  9.9E+02 -5.1183689E+11    67         s
    37      1  1.0E+00     97  2.9E-03  7.7E+02 -5.1205535E+11    67
    38      1  3.0E-01     99  2.2E-03  6.5E+02 -5.1210132E+11    67
    39      1  2.9E-01    101  1.9E-03  5.6E+02 -5.1212652E+11    67

 Major Minors     Step   nCon Feasible  Optimal  MeritFunction    nS Penalty
    40      1  1.0E+00    102  1.5E-02  5.2E+02 -5.1218625E+11    67
    41      1  1.0E+00    103  1.7E-04  2.8E+02 -5.1220517E+11    67
    42      1  7.6E-02    113  1.6E-04  2.7E+02 -5.1220658E+11    67
    43      1  2.0E-03    123  1.6E-04  2.7E+02 -5.1220666E+11    67
    44      1  5.6E-05    133  1.6E-04  2.7E+02 -5.1220666E+11    67
    45      1  6.9E-05    143  1.6E-04  2.6E+02 -5.1220667E+11    67
    46      1  1.0E-10    151  1.6E-04  2.7E+02 -5.1220667E+11    67           R
    47      3  1.5E-10    159  1.6E-04  6.3E+01 -5.1220667E+11    65         s
    48      5  5.5E-09    169  1.6E-04  2.7E+02 -5.1220667E+11    67
    49      1  6.1E-06    179  1.6E-04  2.7E+02 -5.1220667E+11    67
    49     84             184  1.6E-04  1.8E+00 -5.1220667E+11    13           r

 XXX Singular basis after    40 factorization attempts
 
 SNOPTA EXIT  40 -- terminated after numerical difficulties
 SNOPTA INFO  42 -- singular basis

 Problem name                 Opt Prob
 No. of iterations                 441   Objective value     -5.1220667237E+11
 No. of major iterations            49   Linear objective     0.0000000000E+00
 Penalty parameter           0.000E+00   Nonlinear objective -5.1220667237E+11
 No. of calls to funobj            268   No. of calls to funcon            268
 No. of superbasics                 13   No. of basic nonlinears            13
 No. of degenerate steps             0   Percentage                       0.00
 Max x                      72 1.9E+03   Max pi                    638 1.1E+06
 Max Primal infeas           0 0.0E+00   Max Dual infeas            28 2.0E+06
 Nonlinear constraint violn    1.3E+00
 
 

 Solution printed on file  18
 
 Time for MPS input                             0.00 seconds
 Time for solving problem                     774.97 seconds
 Time for solution output                       0.01 seconds
 Time for constraint functions               1077.91 seconds
 Time for objective function                    0.00 seconds
