
         ==============================
         S N O P T  7.2-12.3 (Aug 2014)
         ==============================
      Derivative option               1
      Verify level              -1
      Major optimality tolerance  1.00000000E-04
      Major iterations limit          100000
1
 
 SNMEMA EXIT 100 -- finished successfully
 SNMEMA INFO 104 -- memory requirements estimated
      Total character workspace             500
      Total integer   workspace          939726
      Total real      workspace          719843
1
 
 Parameters
 ==========

 Files
 -----
 Solution file..........         0       Old basis file ........         0       Standard input.........         5
 Insert file............         0       New basis file ........         0       (Printer)..............        18
 Punch file.............         0       Backup basis file......         0       (Specs file)...........         0
 Load file..............         0       Dump file..............         0       Standard output........         6

 Frequencies
 -----------
 Print frequency........       100       Check frequency........        60       Save new basis map.....       100
 Summary frequency......       100       Factorization frequency        50       Expand frequency.......     10000

 QP subproblems
 --------------
 QPsolver Cholesky......
 Scale tolerance........     0.900       Minor feasibility tol..  1.00E-06       Iteration limit........     10000
 Scale option...........         0       Minor optimality  tol..  1.00E-06       Minor print level......         1
 Crash tolerance........     0.100       Pivot tolerance........  3.25E-11       Partial price..........         1
 Crash option...........         3       Elastic weight.........  1.00E+04       Prtl price section ( A)        76
                                         New superbasics........        99       Prtl price section (-I)       742

 The SQP Method
 --------------
 Minimize...............                 Cold start.............                 Proximal Point method..         1
 Nonlinear objectiv vars        76       Objective Row..........         1       Function precision.....  3.00E-13
 Unbounded step size....  1.00E+20       Superbasics limit......        76       Difference interval....  5.48E-07
 Unbounded objective....  1.00E+15       Reduced Hessian dim....        76       Central difference int.  6.70E-05
 Major step limit.......  2.00E+00       Derivative linesearch..                 Derivative option......         1
 Major iterations limit.    100000       Linesearch tolerance...   0.90000       Verify level...........        -1
 Minor iterations limit.       500       Penalty parameter......  0.00E+00       Major Print Level......         1
                                         Major optimality tol...  1.00E-04

 Hessian Approximation
 ---------------------
 Limited-Memory Hessian.                 Hessian updates........        10       Hessian frequency......  99999999
                                                                                 Hessian flush..........  99999999

 Nonlinear constraints
 ---------------------
 Nonlinear constraints..       741       Major feasibility tol..  1.00E-06       Violation limit........  1.00E+06
 Nonlinear Jacobian vars        76

 Miscellaneous
 -------------
 LU factor tolerance....      3.99       LU singularity tol.....  3.25E-11       Timing level...........         3
 LU update tolerance....      3.99       LU swap tolerance......  1.22E-04       Debug level............         0
 LU partial  pivoting...                 eps (machine precision)  2.22E-16       System information.....        No
                                                                                 Sticky parameters......        No
1
 

 

 Matrix statistics
 -----------------
               Total      Normal        Free       Fixed     Bounded
 Rows            742         741           1           0           0
 Columns          76           0           0           0          76

 No. of matrix elements                56316     Density      99.865
 Biggest  constant element        0.0000E+00  (excluding fixed columns,
 Smallest constant element        0.0000E+00   free rows, and RHS)

 No. of objective coefficients             0

 Nonlinear constraints     741     Linear constraints       1
 Nonlinear variables        76     Linear variables         0
 Jacobian  variables        76     Objective variables     76
 Total constraints         742     Total variables         76
1
 

 
 The user has defined   56392   out of   56392   first  derivatives
1
 

    Itn       QPmult  QPstep   nInf   SumInf   rgNorm    QPobjective   +SBS   -SBS    -BS    Pivot     L+U ncp    nS  condHz
    100      3.6E+03 5.4E-03                          -6.2845443E+11    804    804    690  1.4E-03    3218
 

   Itns Major Minors    Step   nCon Feasible  Optimal  MeritFunction     L+U BSwap     nS  condHz Penalty
    116     0    116              1 (1.7E-13) 1.3E+00 -4.8132764E+11    3372                              _  r
    116     1      0 2.3E-04      2  1.6E-05  1.2E+00 -4.8136291E+11    3290                              _n rl
    116     2      0 2.3E-04      3  3.2E-05  1.2E+00 -4.8140469E+11    3290                              _n rl

    Itn       QPmult  QPstep   nInf   SumInf   rgNorm    QPobjective   +SBS   -SBS    -BS    Pivot     L+U ncp    nS  condHz
    216              1.0E+00                  1.4E-07 -4.0651638E+11                                  3773        32 3.0E+02

   Itns Major Minors    Step   nCon Feasible  Optimal  MeritFunction     L+U BSwap     nS  condHz Penalty
    280     3    164 1.0E-01      5  3.0E+00  4.4E+03 -4.8531808E+11    3773           65 3.3E+09         _s  d
    283     4      3 1.0E+00      6  1.9E-01  4.0E+01 -4.9456095E+11    1223    63     63 1.4E+01         _
    285     5      2 3.2E-01      8  2.9E-01  6.7E+03 -5.0011950E+11    1223           64 2.3E+01         _
    290     6      5 2.7E-01     10  3.0E-01  2.3E+03 -5.0530121E+11    1260           66 1.9E+08         _
    293     7      3 2.0E-01     12  2.7E-01  2.7E+03 -5.0745357E+11    1260           66 2.0E+08         _
    294     8      1 2.2E-01     14  2.4E-01  8.7E+02 -5.0849993E+11    1260           66 2.1E+08         _
    295     9      1 2.4E-01     16  2.0E-01  1.1E+03 -5.0895502E+11    1112     9     66 6.3E+00         _
    297    10      2 2.2E-01     18  1.6E-01  7.0E+02 -5.0920133E+11    1112           67 9.4E+07         _
    301    11      4 3.2E-01     20  1.2E-01  7.4E+02 -5.0955048E+11    1186           64 3.5E+01         _
